0 info it worked if it ends with ok
1 verbose cli [ 'D:\\Program Files\\nodejs\\node.exe',
1 verbose cli   'D:\\Program Files\\nodejs\\node_modules\\npm\\bin\\npm-cli.js',
1 verbose cli   'install',
1 verbose cli   '--save',
1 verbose cli   'express-session' ]
2 info using npm@3.10.10
3 info using node@v6.11.3
4 silly loadCurrentTree Starting
5 silly install loadCurrentTree
6 silly install readLocalPackageData
7 silly fetchPackageMetaData express-session
8 silly fetchNamedPackageData express-session
9 silly mapToRegistry name express-session
10 silly mapToRegistry using default registry
11 silly mapToRegistry registry https://registry.npmjs.org/
12 silly mapToRegistry data Result {
12 silly mapToRegistry   raw: 'express-session',
12 silly mapToRegistry   scope: null,
12 silly mapToRegistry   escapedName: 'express-session',
12 silly mapToRegistry   name: 'express-session',
12 silly mapToRegistry   rawSpec: '',
12 silly mapToRegistry   spec: 'latest',
12 silly mapToRegistry   type: 'tag' }
13 silly mapToRegistry uri https://registry.npmjs.org/express-session
14 verbose request uri https://registry.npmjs.org/express-session
15 verbose request no auth needed
16 info attempt registry request try #1 at 23:01:15
17 verbose request id 1fe0549d332f8964
18 verbose etag W/"59db0a8c-20e41"
19 verbose lastModified Mon, 09 Oct 2017 05:35:08 GMT
20 http request GET https://registry.npmjs.org/express-session
21 info retry will retry, error on last attempt: Error: connect ETIMEDOUT 151.101.76.162:443
22 info attempt registry request try #2 at 23:01:46
23 verbose etag W/"59db0a8c-20e41"
24 verbose lastModified Mon, 09 Oct 2017 05:35:08 GMT
25 http request GET https://registry.npmjs.org/express-session
26 http 304 https://registry.npmjs.org/express-session
27 verbose headers { date: 'Mon, 09 Oct 2017 15:00:23 GMT',
27 verbose headers   via: '1.1 varnish',
27 verbose headers   'cache-control': 'max-age=300',
27 verbose headers   etag: 'W/"59db0a8c-20e41"',
27 verbose headers   age: '103',
27 verbose headers   connection: 'keep-alive',
27 verbose headers   'x-served-by': 'cache-hkg17926-HKG',
27 verbose headers   'x-cache': 'HIT',
27 verbose headers   'x-cache-hits': '1',
27 verbose headers   'x-timer': 'S1507561223.145132,VS0,VE0',
27 verbose headers   vary: 'Accept-Encoding, Accept' }
28 silly get cb [ 304,
28 silly get   { date: 'Mon, 09 Oct 2017 15:00:23 GMT',
28 silly get     via: '1.1 varnish',
28 silly get     'cache-control': 'max-age=300',
28 silly get     etag: 'W/"59db0a8c-20e41"',
28 silly get     age: '103',
28 silly get     connection: 'keep-alive',
28 silly get     'x-served-by': 'cache-hkg17926-HKG',
28 silly get     'x-cache': 'HIT',
28 silly get     'x-cache-hits': '1',
28 silly get     'x-timer': 'S1507561223.145132,VS0,VE0',
28 silly get     vary: 'Accept-Encoding, Accept' } ]
29 verbose etag https://registry.npmjs.org/express-session from cache
30 verbose get saving express-session to D:\Program Files\nodejs\node_cache\registry.npmjs.org\express-session\.cache.json
31 verbose correctMkdir D:\Program Files\nodejs\node_cache correctMkdir not in flight; initializing
32 silly install normalizeTree
33 silly loadCurrentTree Finishing
34 silly loadIdealTree Starting
35 silly install loadIdealTree
36 silly cloneCurrentTree Starting
37 silly install cloneCurrentTreeToIdealTree
38 silly cloneCurrentTree Finishing
39 silly loadShrinkwrap Starting
40 silly install loadShrinkwrap
41 silly loadShrinkwrap Finishing
42 silly loadAllDepsIntoIdealTree Starting
43 silly install loadAllDepsIntoIdealTree
44 silly resolveWithNewModule express-session@1.15.6 checking installable status
45 silly cache add args [ 'express-session', null ]
46 verbose cache add spec express-session
47 silly cache add parsed spec Result {
47 silly cache add   raw: 'express-session',
47 silly cache add   scope: null,
47 silly cache add   escapedName: 'express-session',
47 silly cache add   name: 'express-session',
47 silly cache add   rawSpec: '',
47 silly cache add   spec: 'latest',
47 silly cache add   type: 'tag' }
48 silly addNamed express-session@latest
49 verbose addNamed "latest" is being treated as a dist-tag for express-session
50 info addNameTag [ 'express-session', 'latest' ]
51 silly mapToRegistry name express-session
52 silly mapToRegistry using default registry
53 silly mapToRegistry registry https://registry.npmjs.org/
54 silly mapToRegistry data Result {
54 silly mapToRegistry   raw: 'express-session',
54 silly mapToRegistry   scope: null,
54 silly mapToRegistry   escapedName: 'express-session',
54 silly mapToRegistry   name: 'express-session',
54 silly mapToRegistry   rawSpec: '',
54 silly mapToRegistry   spec: 'latest',
54 silly mapToRegistry   type: 'tag' }
55 silly mapToRegistry uri https://registry.npmjs.org/express-session
56 verbose addNameTag registry:https://registry.npmjs.org/express-session not in flight; fetching
57 verbose get https://registry.npmjs.org/express-session not expired, no request
58 silly addNameTag next cb for express-session with tag latest
59 silly addNamed express-session@1.15.6
60 verbose addNamed "1.15.6" is a plain semver version for express-session
61 silly cache afterAdd express-session@1.15.6
62 verbose afterAdd D:\Program Files\nodejs\node_cache\express-session\1.15.6\package\package.json not in flight; writing
63 verbose correctMkdir D:\Program Files\nodejs\node_cache correctMkdir not in flight; initializing
64 verbose afterAdd D:\Program Files\nodejs\node_cache\express-session\1.15.6\package\package.json written
65 silly fetchNamedPackageData crc
66 silly mapToRegistry name crc
67 silly mapToRegistry using default registry
68 silly mapToRegistry registry https://registry.npmjs.org/
69 silly mapToRegistry data Result {
69 silly mapToRegistry   raw: 'crc',
69 silly mapToRegistry   scope: null,
69 silly mapToRegistry   escapedName: 'crc',
69 silly mapToRegistry   name: 'crc',
69 silly mapToRegistry   rawSpec: '',
69 silly mapToRegistry   spec: 'latest',
69 silly mapToRegistry   type: 'tag' }
70 silly mapToRegistry uri https://registry.npmjs.org/crc
71 silly fetchNamedPackageData on-headers
72 silly mapToRegistry name on-headers
73 silly mapToRegistry using default registry
74 silly mapToRegistry registry https://registry.npmjs.org/
75 silly mapToRegistry data Result {
75 silly mapToRegistry   raw: 'on-headers',
75 silly mapToRegistry   scope: null,
75 silly mapToRegistry   escapedName: 'on-headers',
75 silly mapToRegistry   name: 'on-headers',
75 silly mapToRegistry   rawSpec: '',
75 silly mapToRegistry   spec: 'latest',
75 silly mapToRegistry   type: 'tag' }
76 silly mapToRegistry uri https://registry.npmjs.org/on-headers
77 silly fetchNamedPackageData uid-safe
78 silly mapToRegistry name uid-safe
79 silly mapToRegistry using default registry
80 silly mapToRegistry registry https://registry.npmjs.org/
81 silly mapToRegistry data Result {
81 silly mapToRegistry   raw: 'uid-safe',
81 silly mapToRegistry   scope: null,
81 silly mapToRegistry   escapedName: 'uid-safe',
81 silly mapToRegistry   name: 'uid-safe',
81 silly mapToRegistry   rawSpec: '',
81 silly mapToRegistry   spec: 'latest',
81 silly mapToRegistry   type: 'tag' }
82 silly mapToRegistry uri https://registry.npmjs.org/uid-safe
83 verbose request uri https://registry.npmjs.org/crc
84 verbose request no auth needed
85 info attempt registry request try #1 at 23:01:47
86 verbose etag W/"59d7eec1-6c5c"
87 verbose lastModified Fri, 06 Oct 2017 20:59:45 GMT
88 http request GET https://registry.npmjs.org/crc
89 verbose request uri https://registry.npmjs.org/on-headers
90 verbose request no auth needed
91 info attempt registry request try #1 at 23:01:47
92 verbose etag W/"59a791a7-1a43"
93 verbose lastModified Thu, 31 Aug 2017 04:33:43 GMT
94 http request GET https://registry.npmjs.org/on-headers
95 verbose request uri https://registry.npmjs.org/uid-safe
96 verbose request no auth needed
97 info attempt registry request try #1 at 23:01:47
98 verbose etag W/"5982982a-5cda"
99 verbose lastModified Thu, 03 Aug 2017 03:27:38 GMT
100 http request GET https://registry.npmjs.org/uid-safe
101 info retry will retry, error on last attempt: Error: read ECONNRESET
102 info attempt registry request try #2 at 23:02:08
103 verbose etag W/"59d7eec1-6c5c"
104 verbose lastModified Fri, 06 Oct 2017 20:59:45 GMT
105 http request GET https://registry.npmjs.org/crc
106 info retry will retry, error on last attempt: Error: connect ETIMEDOUT 151.101.76.162:443
107 info retry will retry, error on last attempt: Error: connect ETIMEDOUT 151.101.76.162:443
108 info attempt registry request try #2 at 23:02:18
109 verbose etag W/"5982982a-5cda"
110 verbose lastModified Thu, 03 Aug 2017 03:27:38 GMT
111 http request GET https://registry.npmjs.org/uid-safe
112 info attempt registry request try #2 at 23:02:18
113 verbose etag W/"59a791a7-1a43"
114 verbose lastModified Thu, 31 Aug 2017 04:33:43 GMT
115 http request GET https://registry.npmjs.org/on-headers
116 info retry will retry, error on last attempt: Error: connect ETIMEDOUT 151.101.76.162:443
117 info retry will retry, error on last attempt: Error: connect ETIMEDOUT 151.101.76.162:443
118 info retry will retry, error on last attempt: Error: connect ETIMEDOUT 151.101.76.162:443
119 info attempt registry request try #3 at 23:03:29
120 verbose etag W/"59d7eec1-6c5c"
121 verbose lastModified Fri, 06 Oct 2017 20:59:45 GMT
122 http request GET https://registry.npmjs.org/crc
123 info attempt registry request try #3 at 23:03:39
124 verbose etag W/"59a791a7-1a43"
125 verbose lastModified Thu, 31 Aug 2017 04:33:43 GMT
126 http request GET https://registry.npmjs.org/on-headers
127 info attempt registry request try #3 at 23:03:39
128 verbose etag W/"5982982a-5cda"
129 verbose lastModified Thu, 03 Aug 2017 03:27:38 GMT
130 http request GET https://registry.npmjs.org/uid-safe
131 silly get cb [ 304, undefined ]
132 verbose etag https://registry.npmjs.org/crc from cache
133 verbose get saving crc to D:\Program Files\nodejs\node_cache\registry.npmjs.org\crc\.cache.json
134 verbose correctMkdir D:\Program Files\nodejs\node_cache correctMkdir not in flight; initializing
135 silly resolveWithNewModule crc@3.4.4 checking installable status
136 silly cache add args [ 'crc@3.4.4', null ]
137 verbose cache add spec crc@3.4.4
138 silly cache add parsed spec Result {
138 silly cache add   raw: 'crc@3.4.4',
138 silly cache add   scope: null,
138 silly cache add   escapedName: 'crc',
138 silly cache add   name: 'crc',
138 silly cache add   rawSpec: '3.4.4',
138 silly cache add   spec: '3.4.4',
138 silly cache add   type: 'version' }
139 silly addNamed crc@3.4.4
140 verbose addNamed "3.4.4" is a plain semver version for crc
141 silly mapToRegistry name crc
142 silly mapToRegistry using default registry
143 silly mapToRegistry registry https://registry.npmjs.org/
144 silly mapToRegistry data Result {
144 silly mapToRegistry   raw: 'crc',
144 silly mapToRegistry   scope: null,
144 silly mapToRegistry   escapedName: 'crc',
144 silly mapToRegistry   name: 'crc',
144 silly mapToRegistry   rawSpec: '',
144 silly mapToRegistry   spec: 'latest',
144 silly mapToRegistry   type: 'tag' }
145 silly mapToRegistry uri https://registry.npmjs.org/crc
146 verbose addNameVersion registry:https://registry.npmjs.org/crc not in flight; fetching
147 verbose get https://registry.npmjs.org/crc not expired, no request
148 silly cache afterAdd crc@3.4.4
149 verbose afterAdd D:\Program Files\nodejs\node_cache\crc\3.4.4\package\package.json not in flight; writing
150 verbose correctMkdir D:\Program Files\nodejs\node_cache correctMkdir not in flight; initializing
151 verbose afterAdd D:\Program Files\nodejs\node_cache\crc\3.4.4\package\package.json written
152 silly get cb [ 304, undefined ]
153 verbose etag https://registry.npmjs.org/on-headers from cache
154 verbose get saving on-headers to D:\Program Files\nodejs\node_cache\registry.npmjs.org\on-headers\.cache.json
155 verbose correctMkdir D:\Program Files\nodejs\node_cache correctMkdir not in flight; initializing
156 silly get cb [ 304, undefined ]
157 verbose etag https://registry.npmjs.org/uid-safe from cache
158 verbose get saving uid-safe to D:\Program Files\nodejs\node_cache\registry.npmjs.org\uid-safe\.cache.json
159 verbose correctMkdir D:\Program Files\nodejs\node_cache correctMkdir not in flight; initializing
160 silly resolveWithNewModule on-headers@1.0.1 checking installable status
161 silly cache add args [ 'on-headers@~1.0.1', null ]
162 verbose cache add spec on-headers@~1.0.1
163 silly cache add parsed spec Result {
163 silly cache add   raw: 'on-headers@~1.0.1',
163 silly cache add   scope: null,
163 silly cache add   escapedName: 'on-headers',
163 silly cache add   name: 'on-headers',
163 silly cache add   rawSpec: '~1.0.1',
163 silly cache add   spec: '>=1.0.1 <1.1.0',
163 silly cache add   type: 'range' }
164 silly addNamed on-headers@>=1.0.1 <1.1.0
165 verbose addNamed ">=1.0.1 <1.1.0" is a valid semver range for on-headers
166 silly addNameRange { name: 'on-headers', range: '>=1.0.1 <1.1.0', hasData: false }
167 silly mapToRegistry name on-headers
168 silly mapToRegistry using default registry
169 silly mapToRegistry registry https://registry.npmjs.org/
170 silly mapToRegistry data Result {
170 silly mapToRegistry   raw: 'on-headers',
170 silly mapToRegistry   scope: null,
170 silly mapToRegistry   escapedName: 'on-headers',
170 silly mapToRegistry   name: 'on-headers',
170 silly mapToRegistry   rawSpec: '',
170 silly mapToRegistry   spec: 'latest',
170 silly mapToRegistry   type: 'tag' }
171 silly mapToRegistry uri https://registry.npmjs.org/on-headers
172 verbose addNameRange registry:https://registry.npmjs.org/on-headers not in flight; fetching
173 silly resolveWithNewModule uid-safe@2.1.5 checking installable status
174 silly cache add args [ 'uid-safe@~2.1.5', null ]
175 verbose cache add spec uid-safe@~2.1.5
176 silly cache add parsed spec Result {
176 silly cache add   raw: 'uid-safe@~2.1.5',
176 silly cache add   scope: null,
176 silly cache add   escapedName: 'uid-safe',
176 silly cache add   name: 'uid-safe',
176 silly cache add   rawSpec: '~2.1.5',
176 silly cache add   spec: '>=2.1.5 <2.2.0',
176 silly cache add   type: 'range' }
177 silly addNamed uid-safe@>=2.1.5 <2.2.0
178 verbose addNamed ">=2.1.5 <2.2.0" is a valid semver range for uid-safe
179 silly addNameRange { name: 'uid-safe', range: '>=2.1.5 <2.2.0', hasData: false }
180 silly mapToRegistry name uid-safe
181 silly mapToRegistry using default registry
182 silly mapToRegistry registry https://registry.npmjs.org/
183 silly mapToRegistry data Result {
183 silly mapToRegistry   raw: 'uid-safe',
183 silly mapToRegistry   scope: null,
183 silly mapToRegistry   escapedName: 'uid-safe',
183 silly mapToRegistry   name: 'uid-safe',
183 silly mapToRegistry   rawSpec: '',
183 silly mapToRegistry   spec: 'latest',
183 silly mapToRegistry   type: 'tag' }
184 silly mapToRegistry uri https://registry.npmjs.org/uid-safe
185 verbose addNameRange registry:https://registry.npmjs.org/uid-safe not in flight; fetching
186 verbose get https://registry.npmjs.org/on-headers not expired, no request
187 silly addNameRange number 2 { name: 'on-headers', range: '>=1.0.1 <1.1.0', hasData: true }
188 silly addNameRange versions [ 'on-headers', [ '0.0.0', '1.0.0', '1.0.1' ] ]
189 silly addNamed on-headers@1.0.1
190 verbose addNamed "1.0.1" is a plain semver version for on-headers
191 verbose get https://registry.npmjs.org/uid-safe not expired, no request
192 silly addNameRange number 2 { name: 'uid-safe', range: '>=2.1.5 <2.2.0', hasData: true }
193 silly addNameRange versions [ 'uid-safe',
193 silly addNameRange   [ '1.0.0',
193 silly addNameRange     '1.0.1',
193 silly addNameRange     '1.0.2',
193 silly addNameRange     '1.0.3',
193 silly addNameRange     '1.1.0',
193 silly addNameRange     '2.0.0',
193 silly addNameRange     '2.1.0',
193 silly addNameRange     '2.1.1',
193 silly addNameRange     '2.1.2',
193 silly addNameRange     '2.1.3',
193 silly addNameRange     '2.1.4',
193 silly addNameRange     '2.1.5' ] ]
194 silly addNamed uid-safe@2.1.5
195 verbose addNamed "2.1.5" is a plain semver version for uid-safe
196 silly cache afterAdd on-headers@1.0.1
197 verbose afterAdd D:\Program Files\nodejs\node_cache\on-headers\1.0.1\package\package.json not in flight; writing
198 verbose correctMkdir D:\Program Files\nodejs\node_cache correctMkdir not in flight; initializing
199 silly cache afterAdd uid-safe@2.1.5
200 verbose afterAdd D:\Program Files\nodejs\node_cache\uid-safe\2.1.5\package\package.json not in flight; writing
201 verbose correctMkdir D:\Program Files\nodejs\node_cache correctMkdir not in flight; initializing
202 verbose afterAdd D:\Program Files\nodejs\node_cache\on-headers\1.0.1\package\package.json written
203 verbose afterAdd D:\Program Files\nodejs\node_cache\uid-safe\2.1.5\package\package.json written
204 silly fetchNamedPackageData random-bytes
205 silly mapToRegistry name random-bytes
206 silly mapToRegistry using default registry
207 silly mapToRegistry registry https://registry.npmjs.org/
208 silly mapToRegistry data Result {
208 silly mapToRegistry   raw: 'random-bytes',
208 silly mapToRegistry   scope: null,
208 silly mapToRegistry   escapedName: 'random-bytes',
208 silly mapToRegistry   name: 'random-bytes',
208 silly mapToRegistry   rawSpec: '',
208 silly mapToRegistry   spec: 'latest',
208 silly mapToRegistry   type: 'tag' }
209 silly mapToRegistry uri https://registry.npmjs.org/random-bytes
210 verbose request uri https://registry.npmjs.org/random-bytes
211 verbose request no auth needed
212 info attempt registry request try #1 at 23:04:00
213 http request GET https://registry.npmjs.org/random-bytes
214 info retry will retry, error on last attempt: Error: connect ETIMEDOUT 151.101.76.162:443
215 info attempt registry request try #2 at 23:04:31
216 http request GET https://registry.npmjs.org/random-bytes
217 info retry will retry, error on last attempt: Error: connect ETIMEDOUT 151.101.76.162:443
218 info attempt registry request try #3 at 23:05:52
219 http request GET https://registry.npmjs.org/random-bytes
220 silly fetchPackageMetaData Error: connect ETIMEDOUT 151.101.76.162:443
220 silly fetchPackageMetaData     at Object.exports._errnoException (util.js:1020:11)
220 silly fetchPackageMetaData     at exports._exceptionWithHostPort (util.js:1043:20)
220 silly fetchPackageMetaData     at TCPConnectWrap.afterConnect [as oncomplete] (net.js:1086:14)
220 silly fetchPackageMetaData  error for random-bytes@~1.0.0 { Error: connect ETIMEDOUT 151.101.76.162:443
220 silly fetchPackageMetaData     at Object.exports._errnoException (util.js:1020:11)
220 silly fetchPackageMetaData     at exports._exceptionWithHostPort (util.js:1043:20)
220 silly fetchPackageMetaData     at TCPConnectWrap.afterConnect [as oncomplete] (net.js:1086:14)
220 silly fetchPackageMetaData   code: 'ETIMEDOUT',
220 silly fetchPackageMetaData   errno: 'ETIMEDOUT',
220 silly fetchPackageMetaData   syscall: 'connect',
220 silly fetchPackageMetaData   address: '151.101.76.162',
220 silly fetchPackageMetaData   port: 443 }
221 silly rollbackFailedOptional Starting
222 silly rollbackFailedOptional Finishing
223 silly runTopLevelLifecycles Finishing
224 silly install printInstalled
225 verbose stack Error: connect ETIMEDOUT 151.101.76.162:443
225 verbose stack     at Object.exports._errnoException (util.js:1020:11)
225 verbose stack     at exports._exceptionWithHostPort (util.js:1043:20)
225 verbose stack     at TCPConnectWrap.afterConnect [as oncomplete] (net.js:1086:14)
226 verbose cwd D:\shuoshuo
227 error Windows_NT 6.3.9600
228 error argv "D:\\Program Files\\nodejs\\node.exe" "D:\\Program Files\\nodejs\\node_modules\\npm\\bin\\npm-cli.js" "install" "--save" "express-session"
229 error node v6.11.3
230 error npm  v3.10.10
231 error code ETIMEDOUT
232 error errno ETIMEDOUT
233 error syscall connect
234 error network connect ETIMEDOUT 151.101.76.162:443
235 error network This is most likely not a problem with npm itself
235 error network and is related to network connectivity.
235 error network In most cases you are behind a proxy or have bad network settings.
235 error network
235 error network If you are behind a proxy, please make sure that the
235 error network 'proxy' config is set properly.  See: 'npm help config'
236 verbose exit [ 1, true ]
